<?xml version="1.0" encoding="UTF-8"?>
<!-- Generated by org.testng.reporters.JUnitXMLReporter -->
<testsuite ignored="0" hostname="DESKTOP-77FMI0B" failures="1" tests="4" name="Surefire test" time="36.374" errors="0" timestamp="2025-01-04T11:03:49 IST">
  <testcase classname="io.cucumber.testng.AbstractTestNGCucumberTests" name="runScenario" time="10.171"/>
  <testcase classname="io.cucumber.testng.AbstractTestNGCucumberTests" name="runScenario" time="8.368"/>
  <testcase classname="io.cucumber.testng.AbstractTestNGCucumberTests" name="runScenario" time="6.957"/>
  <testcase classname="io.cucumber.testng.AbstractTestNGCucumberTests" name="runScenario" time="8.331">
    <failure type="java.lang.AssertionError" message="Product names do not match! expected [No data] but found [Beetroot]">
      <![CDATA[java.lang.AssertionError: Product names do not match! expected [No data] but found [Beetroot]
at stepDefinitions.LandingPageStepDefinition.verifyProductOnOffersPage(LandingPageStepDefinition.java:109)
at ✽.Verify that the product available on the homepage also exists on the Offers page(file:///E:/JavaLearning/CoreJava/SeleniumWithCucumberFramework/src/test/java/features/searchVegetables.feature:25)
... Removed 5 stack frames]]>
    </failure>
  </testcase> <!-- runScenario -->
</testsuite> <!-- Surefire test -->
