<?xml version="1.0" encoding="UTF-8"?>
<testng-results ignored="0" total="4" passed="3" failed="1" skipped="0">
  <reporter-output>
  </reporter-output>
  <suite started-at="2025-01-06T10:20:22 IST" name="Surefire suite" finished-at="2025-01-06T10:21:01 IST" duration-ms="38271">
    <groups>
      <group name="cucumber">
        <method signature="AbstractTestNGCucumberTests.runScenario(io.cucumber.testng.PickleWrapper,io.cucumber.testng.FeatureWrapper)[pri:0, instance:cucumberOptions.TestNG_TestRunner@4d9e68d0]" name="runScenario" class="io.cucumber.testng.AbstractTestNGCucumberTests"/>
      </group> <!-- cucumber -->
    </groups>
    <test started-at="2025-01-06T10:20:22 IST" name="Surefire test" finished-at="2025-01-06T10:21:01 IST" duration-ms="38271">
      <class name="cucumberOptions.TestNG_TestRunner">
        <test-method is-config="true" signature="setUpClass(org.testng.ITestContext)[pri:0, instance:cucumberOptions.TestNG_TestRunner@4d9e68d0]" started-at="2025-01-06T10:20:22 IST" name="setUpClass" finished-at="2025-01-06T10:20:25 IST" duration-ms="2459" status="PASS">
          <params>
            <param index="0">
              <value>
                <![CDATA[org.testng.TestRunner@49e7e8f1]]>
              </value>
            </param>
          </params>
          <reporter-output>
          </reporter-output>
        </test-method> <!-- setUpClass -->
        <test-method signature="runScenario(io.cucumber.testng.PickleWrapper,io.cucumber.testng.FeatureWrapper)[pri:0, instance:cucumberOptions.TestNG_TestRunner@4d9e68d0]" started-at="2025-01-06T10:20:25 IST" name="runScenario" description="Runs Cucumber Scenarios" data-provider="scenarios" finished-at="2025-01-06T10:20:40 IST" duration-ms="14637" status="PASS">
          <params>
            <param index="0">
              <value>
                <![CDATA["Search for a product and verify its availability in offers page"]]>
              </value>
            </param>
            <param index="1">
              <value>
                <![CDATA["Search for a product on Greenkart Website"]]>
              </value>
            </param>
          </params>
          <reporter-output>
          </reporter-output>
        </test-method> <!-- runScenario -->
        <test-method signature="runScenario(io.cucumber.testng.PickleWrapper,io.cucumber.testng.FeatureWrapper)[pri:0, instance:cucumberOptions.TestNG_TestRunner@4d9e68d0]" started-at="2025-01-06T10:20:40 IST" name="runScenario" description="Runs Cucumber Scenarios" data-provider="scenarios" finished-at="2025-01-06T10:20:47 IST" duration-ms="7168" status="PASS">
          <params>
            <param index="0">
              <value>
                <![CDATA["Search for a Multiple products and verify its availability in offers page"]]>
              </value>
            </param>
            <param index="1">
              <value>
                <![CDATA["Search for a product on Greenkart Website"]]>
              </value>
            </param>
          </params>
          <reporter-output>
          </reporter-output>
        </test-method> <!-- runScenario -->
        <test-method signature="runScenario(io.cucumber.testng.PickleWrapper,io.cucumber.testng.FeatureWrapper)[pri:0, instance:cucumberOptions.TestNG_TestRunner@4d9e68d0]" started-at="2025-01-06T10:20:47 IST" name="runScenario" description="Runs Cucumber Scenarios" data-provider="scenarios" finished-at="2025-01-06T10:20:54 IST" duration-ms="7219" status="PASS">
          <params>
            <param index="0">
              <value>
                <![CDATA["Search for a Multiple products and verify its availability in offers page"]]>
              </value>
            </param>
            <param index="1">
              <value>
                <![CDATA["Search for a product on Greenkart Website"]]>
              </value>
            </param>
          </params>
          <reporter-output>
          </reporter-output>
        </test-method> <!-- runScenario -->
        <test-method signature="runScenario(io.cucumber.testng.PickleWrapper,io.cucumber.testng.FeatureWrapper)[pri:0, instance:cucumberOptions.TestNG_TestRunner@4d9e68d0]" started-at="2025-01-06T10:20:54 IST" name="runScenario" description="Runs Cucumber Scenarios" data-provider="scenarios" finished-at="2025-01-06T10:21:00 IST" duration-ms="5955" status="FAIL">
          <params>
            <param index="0">
              <value>
                <![CDATA["Search for a Multiple products and verify its availability in offers page"]]>
              </value>
            </param>
            <param index="1">
              <value>
                <![CDATA["Search for a product on Greenkart Website"]]>
              </value>
            </param>
          </params>
          <exception class="java.lang.AssertionError">
            <message>
              <![CDATA[Product names do not match! expected [No data] but found [Beetroot]]]>
            </message>
            <full-stacktrace>
              <![CDATA[java.lang.AssertionError: Product names do not match! expected [No data] but found [Beetroot]
at org.testng.Assert.fail(Assert.java:111)
at org.testng.Assert.failNotEquals(Assert.java:1578)
at org.testng.Assert.assertEqualsImpl(Assert.java:150)
at org.testng.Assert.assertEquals(Assert.java:132)
at org.testng.Assert.assertEquals(Assert.java:656)
at stepDefinitions.LandingPageStepDefinition.verifyProductOnOffersPage(LandingPageStepDefinition.java:109)
at ✽.Verify that the product available on the homepage also exists on the Offers page(file:///E:/JavaLearning/CoreJava/SeleniumWithCucumberFramework/src/test/java/features/searchVegetables.feature:25)
]]>
            </full-stacktrace>
          </exception> <!-- java.lang.AssertionError -->
          <reporter-output>
          </reporter-output>
        </test-method> <!-- runScenario -->
        <test-method is-config="true" signature="tearDownClass()[pri:0, instance:cucumberOptions.TestNG_TestRunner@4d9e68d0]" started-at="2025-01-06T10:21:00 IST" name="tearDownClass" finished-at="2025-01-06T10:21:01 IST" duration-ms="723" status="PASS">
          <reporter-output>
          </reporter-output>
        </test-method> <!-- tearDownClass -->
      </class> <!-- cucumberOptions.TestNG_TestRunner -->
    </test> <!-- Surefire test -->
  </suite> <!-- Surefire suite -->
</testng-results>
