<?xml version="1.0" encoding="UTF-8"?>
<testsuite xmlns:xsi="http://www.w3.org/2001/XMLSchema-instance" xsi:noNamespaceSchemaLocation="https://maven.apache.org/surefire/maven-surefire-plugin/xsd/surefire-test-report.xsd" version="3.0.2" name="cucumberOptions.TestNG_TestRunner" time="39.563" tests="4" errors="0" skipped="0" failures="1">
  <properties>
[...]
</properties>
  <testcase name="runScenario[&quot;Search for a product and verify its availability in offers page&quot;, &quot;Search for a product on Greenkart Website&quot;](1)" classname="cucumberOptions.TestNG_TestRunner" time="14.637">
    <system-out><![CDATA[
@SearchProducts
Scenario: Search for a product and verify its availability in offers page               # src/test/java/features/searchVegetables.feature:4
Step: Connection and browser initiated.
Step: User has landed on the Homepage.
  Given User should be able to navigate to the Greenkart website                        # stepDefinitions.LandingPageStepDefinition.userShouldNavigateToGreenkartWebsite()
Home Page Title: GreenKart - veg and fruits kart
Step: User is able to view the Homepage.
  And User should be able to view the homepage                                          # stepDefinitions.LandingPageStepDefinition.userShouldViewHomepage()
Step: User searched for the product on the Homepage.
  When User searches for a product on the homepage with the shortname Ora               # stepDefinitions.LandingPageStepDefinition.userSearchesForProductOnHomepage(java.lang.String)
Product Name on the Homepage: Orange
Step: User extracted the text of the filtered product.
  And Extract the text of the filtered product on the homepage                          # stepDefinitions.LandingPageStepDefinition.extractTextOfFilteredProduct()
Step: User has clicked on Offers Page link.
  Then User should be able to navigate to the Offers page                               # stepDefinitions.OffersPageStepDefinition.userShouldNavigateToOffersPage()
Offers page URL and Page Title: https://rahulshettyacademy.com/seleniumPractise/#/offers and Page Title: GreenKart - veg and fruits kart
Step: User switched to the new tab/child window.
  And A new tab opens                                                                   # stepDefinitions.OffersPageStepDefinition.aNewTabOpens()
Step: User located the search bar and entered the short name to filter the product.
  And User should search for the same product on the Offers page with the shortname Ora # stepDefinitions.OffersPageStepDefinition.userShouldSearchForProductOnOffersPage(java.lang.String)
Product Name on the Offers Page: Orange
Step: User extracted the text of the filtered product from the Offers page.
  And Extract the text of the filtered product from the offers page                     # stepDefinitions.OffersPageStepDefinition.extractTextOfFilteredProductFromOffersPage()
Expected Value: Orange
Actual Value: Orange
Step: User verified the product comparison.
  And Verify that the product available on the homepage also exists on the Offers page  # stepDefinitions.LandingPageStepDefinition.verifyProductOnOffersPage()
Step: Connection and browser closed.
]]></system-out>
    <system-err><![CDATA[SLF4J(W): No SLF4J providers were found.
SLF4J(W): Defaulting to no-operation (NOP) logger implementation
SLF4J(W): See https://www.slf4j.org/codes.html#noProviders for further details.
]]></system-err>
  </testcase>
  <testcase name="runScenario[&quot;Search for a Multiple products and verify its availability in offers page&quot;, &quot;Search for a product on Greenkart Website&quot;](2)" classname="cucumberOptions.TestNG_TestRunner" time="7.144">
    <system-out><![CDATA[
@SearchProducts
Scenario Outline: Search for a Multiple products and verify its availability in offers page # src/test/java/features/searchVegetables.feature:29
Step: Connection and browser initiated.
Step: User has landed on the Homepage.
  Given User should be able to navigate to the Greenkart website                            # stepDefinitions.LandingPageStepDefinition.userShouldNavigateToGreenkartWebsite()
Home Page Title: GreenKart - veg and fruits kart
Step: User is able to view the Homepage.
  And User should be able to view the homepage                                              # stepDefinitions.LandingPageStepDefinition.userShouldViewHomepage()
Step: User searched for the product on the Homepage.
  When User searches for a product on the homepage with the shortname Tom                   # stepDefinitions.LandingPageStepDefinition.userSearchesForProductOnHomepage(java.lang.String)
Product Name on the Homepage: Tomato
Step: User extracted the text of the filtered product.
  And Extract the text of the filtered product on the homepage                              # stepDefinitions.LandingPageStepDefinition.extractTextOfFilteredProduct()
Step: User has clicked on Offers Page link.
  Then User should be able to navigate to the Offers page                                   # stepDefinitions.OffersPageStepDefinition.userShouldNavigateToOffersPage()
Offers page URL and Page Title: https://rahulshettyacademy.com/seleniumPractise/#/offers and Page Title: GreenKart - veg and fruits kart
Step: User switched to the new tab/child window.
  And A new tab opens                                                                       # stepDefinitions.OffersPageStepDefinition.aNewTabOpens()
Step: User located the search bar and entered the short name to filter the product.
  And User should search for the same product on the Offers page with the shortname Tom     # stepDefinitions.OffersPageStepDefinition.userShouldSearchForProductOnOffersPage(java.lang.String)
Product Name on the Offers Page: Tomato
Step: User extracted the text of the filtered product from the Offers page.
  And Extract the text of the filtered product from the offers page                         # stepDefinitions.OffersPageStepDefinition.extractTextOfFilteredProductFromOffersPage()
Expected Value: Tomato
Actual Value: Tomato
Step: User verified the product comparison.
  And Verify that the product available on the homepage also exists on the Offers page      # stepDefinitions.LandingPageStepDefinition.verifyProductOnOffersPage()
Step: Connection and browser closed.
]]></system-out>
  </testcase>
  <testcase name="runScenario[&quot;Search for a Multiple products and verify its availability in offers page&quot;, &quot;Search for a product on Greenkart Website&quot;](3)" classname="cucumberOptions.TestNG_TestRunner" time="7.215">
    <system-out><![CDATA[
@SearchProducts
Scenario Outline: Search for a Multiple products and verify its availability in offers page # src/test/java/features/searchVegetables.feature:30
Step: Connection and browser initiated.
Step: User has landed on the Homepage.
  Given User should be able to navigate to the Greenkart website                            # stepDefinitions.LandingPageStepDefinition.userShouldNavigateToGreenkartWebsite()
Home Page Title: GreenKart - veg and fruits kart
Step: User is able to view the Homepage.
  And User should be able to view the homepage                                              # stepDefinitions.LandingPageStepDefinition.userShouldViewHomepage()
Step: User searched for the product on the Homepage.
  When User searches for a product on the homepage with the shortname Pot                   # stepDefinitions.LandingPageStepDefinition.userSearchesForProductOnHomepage(java.lang.String)
Product Name on the Homepage: Potato
Step: User extracted the text of the filtered product.
  And Extract the text of the filtered product on the homepage                              # stepDefinitions.LandingPageStepDefinition.extractTextOfFilteredProduct()
Step: User has clicked on Offers Page link.
  Then User should be able to navigate to the Offers page                                   # stepDefinitions.OffersPageStepDefinition.userShouldNavigateToOffersPage()
Offers page URL and Page Title: https://rahulshettyacademy.com/seleniumPractise/#/offers and Page Title: GreenKart - veg and fruits kart
Step: User switched to the new tab/child window.
  And A new tab opens                                                                       # stepDefinitions.OffersPageStepDefinition.aNewTabOpens()
Step: User located the search bar and entered the short name to filter the product.
  And User should search for the same product on the Offers page with the shortname Pot     # stepDefinitions.OffersPageStepDefinition.userShouldSearchForProductOnOffersPage(java.lang.String)
Product Name on the Offers Page: Potato
Step: User extracted the text of the filtered product from the Offers page.
  And Extract the text of the filtered product from the offers page                         # stepDefinitions.OffersPageStepDefinition.extractTextOfFilteredProductFromOffersPage()
Expected Value: Potato
Actual Value: Potato
Step: User verified the product comparison.
  And Verify that the product available on the homepage also exists on the Offers page      # stepDefinitions.LandingPageStepDefinition.verifyProductOnOffersPage()
Step: Connection and browser closed.
]]></system-out>
  </testcase>
  <testcase name="runScenario[&quot;Search for a Multiple products and verify its availability in offers page&quot;, &quot;Search for a product on Greenkart Website&quot;](4)" classname="cucumberOptions.TestNG_TestRunner" time="5.959">
    <failure message="Product names do not match! expected [No data] but found [Beetroot]" type="java.lang.AssertionError"><![CDATA[java.lang.AssertionError: Product names do not match! expected [No data] but found [Beetroot]
	at org.testng.Assert.fail(Assert.java:111)
	at org.testng.Assert.failNotEquals(Assert.java:1578)
	at org.testng.Assert.assertEqualsImpl(Assert.java:150)
	at org.testng.Assert.assertEquals(Assert.java:132)
	at org.testng.Assert.assertEquals(Assert.java:656)
	at stepDefinitions.LandingPageStepDefinition.verifyProductOnOffersPage(LandingPageStepDefinition.java:109)
	at ✽.Verify that the product available on the homepage also exists on the Offers page(file:///E:/JavaLearning/CoreJava/SeleniumWithCucumberFramework/src/test/java/features/searchVegetables.feature:25)
]]></failure>
    <system-out><![CDATA[
@SearchProducts
Scenario Outline: Search for a Multiple products and verify its availability in offers page # src/test/java/features/searchVegetables.feature:31
Step: Connection and browser initiated.
Step: User has landed on the Homepage.
  Given User should be able to navigate to the Greenkart website                            # stepDefinitions.LandingPageStepDefinition.userShouldNavigateToGreenkartWebsite()
Home Page Title: GreenKart - veg and fruits kart
Step: User is able to view the Homepage.
  And User should be able to view the homepage                                              # stepDefinitions.LandingPageStepDefinition.userShouldViewHomepage()
Step: User searched for the product on the Homepage.
  When User searches for a product on the homepage with the shortname Beet                  # stepDefinitions.LandingPageStepDefinition.userSearchesForProductOnHomepage(java.lang.String)
Product Name on the Homepage: Beetroot
Step: User extracted the text of the filtered product.
  And Extract the text of the filtered product on the homepage                              # stepDefinitions.LandingPageStepDefinition.extractTextOfFilteredProduct()
Step: User has clicked on Offers Page link.
  Then User should be able to navigate to the Offers page                                   # stepDefinitions.OffersPageStepDefinition.userShouldNavigateToOffersPage()
Offers page URL and Page Title: https://rahulshettyacademy.com/seleniumPractise/#/offers and Page Title: GreenKart - veg and fruits kart
Step: User switched to the new tab/child window.
  And A new tab opens                                                                       # stepDefinitions.OffersPageStepDefinition.aNewTabOpens()
Step: User located the search bar and entered the short name to filter the product.
  And User should search for the same product on the Offers page with the shortname Beet    # stepDefinitions.OffersPageStepDefinition.userShouldSearchForProductOnOffersPage(java.lang.String)
Product Name on the Offers Page: No data
Step: User extracted the text of the filtered product from the Offers page.
  And Extract the text of the filtered product from the offers page                         # stepDefinitions.OffersPageStepDefinition.extractTextOfFilteredProductFromOffersPage()
Expected Value: Beetroot
Actual Value: No data
  And Verify that the product available on the homepage also exists on the Offers page      # stepDefinitions.LandingPageStepDefinition.verifyProductOnOffersPage()
      java.lang.AssertionError: Product names do not match! expected [No data] but found [Beetroot]
	at org.testng.Assert.fail(Assert.java:111)
	at org.testng.Assert.failNotEquals(Assert.java:1578)
	at org.testng.Assert.assertEqualsImpl(Assert.java:150)
	at org.testng.Assert.assertEquals(Assert.java:132)
	at org.testng.Assert.assertEquals(Assert.java:656)
	at stepDefinitions.LandingPageStepDefinition.verifyProductOnOffersPage(LandingPageStepDefinition.java:109)
	at âœ½.Verify that the product available on the homepage also exists on the Offers page(file:///E:/JavaLearning/CoreJava/SeleniumWithCucumberFramework/src/test/java/features/searchVegetables.feature:25)


    Embedding image [image/jpeg 27678 bytes]

Step: Connection and browser closed.
]]></system-out>
  </testcase>
</testsuite>