<?xml version="1.0" encoding="UTF-8"?>
<testng-results ignored="0" total="3" passed="3" failed="0" skipped="0">
  <reporter-output>
  </reporter-output>
  <suite started-at="2025-01-06T12:00:22 IST" name="Default suite" finished-at="2025-01-06T12:01:06 IST" duration-ms="44448">
    <groups>
      <group name="cucumber">
        <method signature="AbstractTestNGCucumberTests.runScenario(io.cucumber.testng.PickleWrapper,io.cucumber.testng.FeatureWrapper)[pri:0, instance:cucumberOptions.TestNG_TestRunner@e4487af]" name="runScenario" class="io.cucumber.testng.AbstractTestNGCucumberTests"/>
      </group> <!-- cucumber -->
    </groups>
    <test started-at="2025-01-06T12:00:22 IST" name="Default test" finished-at="2025-01-06T12:01:06 IST" duration-ms="44448">
      <class name="cucumberOptions.TestNG_TestRunner">
        <test-method is-config="true" signature="setUpClass(org.testng.ITestContext)[pri:0, instance:cucumberOptions.TestNG_TestRunner@e4487af]" started-at="2025-01-06T12:00:22 IST" name="setUpClass" finished-at="2025-01-06T12:00:24 IST" duration-ms="1771" status="PASS">
          <params>
            <param index="0">
              <value>
                <![CDATA[org.testng.TestRunner@51fe7f15]]>
              </value>
            </param>
          </params>
          <reporter-output>
          </reporter-output>
        </test-method> <!-- setUpClass -->
        <test-method signature="runScenario(io.cucumber.testng.PickleWrapper,io.cucumber.testng.FeatureWrapper)[pri:0, instance:cucumberOptions.TestNG_TestRunner@e4487af]" started-at="2025-01-06T12:00:24 IST" name="runScenario" description="Runs Cucumber Scenarios" data-provider="scenarios" finished-at="2025-01-06T12:00:40 IST" duration-ms="16487" status="PASS">
          <params>
            <param index="0">
              <value>
                <![CDATA["Add a product, apply promo code, and validate Error message"]]>
              </value>
            </param>
            <param index="1">
              <value>
                <![CDATA["Validate product purchase flow with promo code on Greenkart Website"]]>
              </value>
            </param>
          </params>
          <reporter-output>
          </reporter-output>
        </test-method> <!-- runScenario -->
        <test-method signature="runScenario(io.cucumber.testng.PickleWrapper,io.cucumber.testng.FeatureWrapper)[pri:0, instance:cucumberOptions.TestNG_TestRunner@e4487af]" started-at="2025-01-06T12:00:40 IST" name="runScenario" description="Runs Cucumber Scenarios" data-provider="scenarios" finished-at="2025-01-06T12:00:53 IST" duration-ms="12464" status="PASS">
          <params>
            <param index="0">
              <value>
                <![CDATA["Add a product, apply promo code, and validate Error message for parameterized data"]]>
              </value>
            </param>
            <param index="1">
              <value>
                <![CDATA["Validate product purchase flow with promo code on Greenkart Website"]]>
              </value>
            </param>
          </params>
          <reporter-output>
          </reporter-output>
        </test-method> <!-- runScenario -->
        <test-method signature="runScenario(io.cucumber.testng.PickleWrapper,io.cucumber.testng.FeatureWrapper)[pri:0, instance:cucumberOptions.TestNG_TestRunner@e4487af]" started-at="2025-01-06T12:00:53 IST" name="runScenario" description="Runs Cucumber Scenarios" data-provider="scenarios" finished-at="2025-01-06T12:01:06 IST" duration-ms="12768" status="PASS">
          <params>
            <param index="0">
              <value>
                <![CDATA["Add a product, apply promo code, and validate Error message for parameterized data"]]>
              </value>
            </param>
            <param index="1">
              <value>
                <![CDATA["Validate product purchase flow with promo code on Greenkart Website"]]>
              </value>
            </param>
          </params>
          <reporter-output>
          </reporter-output>
        </test-method> <!-- runScenario -->
        <test-method is-config="true" signature="tearDownClass()[pri:0, instance:cucumberOptions.TestNG_TestRunner@e4487af]" started-at="2025-01-06T12:01:06 IST" name="tearDownClass" finished-at="2025-01-06T12:01:06 IST" duration-ms="865" status="PASS">
          <reporter-output>
          </reporter-output>
        </test-method> <!-- tearDownClass -->
      </class> <!-- cucumberOptions.TestNG_TestRunner -->
    </test> <!-- Default test -->
  </suite> <!-- Default suite -->
</testng-results>
