<?xml version="1.0" encoding="UTF-8"?>
<testng-results ignored="0" total="2" passed="2" failed="0" skipped="0">
  <reporter-output>
  </reporter-output>
  <suite started-at="2025-01-06T13:19:40 IST" name="Default suite" finished-at="2025-01-06T13:20:10 IST" duration-ms="30178">
    <groups>
      <group name="cucumber">
        <method signature="AbstractTestNGCucumberTests.runScenario(io.cucumber.testng.PickleWrapper,io.cucumber.testng.FeatureWrapper)[pri:0, instance:cucumberOptions.TestNG_TestRunner@e4487af]" name="runScenario" class="io.cucumber.testng.AbstractTestNGCucumberTests"/>
      </group> <!-- cucumber -->
    </groups>
    <test started-at="2025-01-06T13:19:40 IST" name="Default test" finished-at="2025-01-06T13:20:10 IST" duration-ms="30178">
      <class name="cucumberOptions.TestNG_TestRunner">
        <test-method is-config="true" signature="setUpClass(org.testng.ITestContext)[pri:0, instance:cucumberOptions.TestNG_TestRunner@e4487af]" started-at="2025-01-06T13:19:40 IST" name="setUpClass" finished-at="2025-01-06T13:19:41 IST" duration-ms="1762" status="PASS">
          <params>
            <param index="0">
              <value>
                <![CDATA[org.testng.TestRunner@53cb0bcb]]>
              </value>
            </param>
          </params>
          <reporter-output>
          </reporter-output>
        </test-method> <!-- setUpClass -->
        <test-method signature="runScenario(io.cucumber.testng.PickleWrapper,io.cucumber.testng.FeatureWrapper)[pri:0, instance:cucumberOptions.TestNG_TestRunner@e4487af]" started-at="2025-01-06T13:19:41 IST" name="runScenario" description="Runs Cucumber Scenarios" data-provider="scenarios" finished-at="2025-01-06T13:19:57 IST" duration-ms="15745" status="PASS">
          <params>
            <param index="0">
              <value>
                <![CDATA["Add a product, apply promo code, and validate Error message for parameterized data"]]>
              </value>
            </param>
            <param index="1">
              <value>
                <![CDATA["Validate product purchase flow with promo code on Greenkart Website"]]>
              </value>
            </param>
          </params>
          <reporter-output>
          </reporter-output>
        </test-method> <!-- runScenario -->
        <test-method signature="runScenario(io.cucumber.testng.PickleWrapper,io.cucumber.testng.FeatureWrapper)[pri:0, instance:cucumberOptions.TestNG_TestRunner@e4487af]" started-at="2025-01-06T13:19:57 IST" name="runScenario" description="Runs Cucumber Scenarios" data-provider="scenarios" finished-at="2025-01-06T13:20:09 IST" duration-ms="11911" status="PASS">
          <params>
            <param index="0">
              <value>
                <![CDATA["Add a product, apply promo code, and validate Error message for parameterized data"]]>
              </value>
            </param>
            <param index="1">
              <value>
                <![CDATA["Validate product purchase flow with promo code on Greenkart Website"]]>
              </value>
            </param>
          </params>
          <reporter-output>
          </reporter-output>
        </test-method> <!-- runScenario -->
        <test-method is-config="true" signature="tearDownClass()[pri:0, instance:cucumberOptions.TestNG_TestRunner@e4487af]" started-at="2025-01-06T13:20:09 IST" name="tearDownClass" finished-at="2025-01-06T13:20:10 IST" duration-ms="649" status="PASS">
          <reporter-output>
          </reporter-output>
        </test-method> <!-- tearDownClass -->
      </class> <!-- cucumberOptions.TestNG_TestRunner -->
    </test> <!-- Default test -->
  </suite> <!-- Default suite -->
</testng-results>
