<?xml version="1.0" encoding="UTF-8"?>
<!-- Generated by org.testng.reporters.JUnitReportReporter -->
<testsuite hostname="DESKTOP-77FMI0B" failures="1" tests="4" name="cucumberOptions.TestNG_TestRunner" time="34.979" errors="0" timestamp="2025-01-06T10:21:01 IST" skipped="0">
  <testcase classname="cucumberOptions.TestNG_TestRunner" name="runScenario" time="5.955">
    <failure message="Product names do not match! expected [No data] but found [Beetroot]" type="java.lang.AssertionError">
      <![CDATA[java.lang.AssertionError: Product names do not match! expected [No data] but found [Beetroot]
at org.testng.Assert.fail(Assert.java:111)
at org.testng.Assert.failNotEquals(Assert.java:1578)
at org.testng.Assert.assertEqualsImpl(Assert.java:150)
at org.testng.Assert.assertEquals(Assert.java:132)
at org.testng.Assert.assertEquals(Assert.java:656)
at stepDefinitions.LandingPageStepDefinition.verifyProductOnOffersPage(LandingPageStepDefinition.java:109)
at ✽.Verify that the product available on the homepage also exists on the Offers page(file:///E:/JavaLearning/CoreJava/SeleniumWithCucumberFramework/src/test/java/features/searchVegetables.feature:25)
]]>
    </failure>
  </testcase> <!-- runScenario -->
  <testcase classname="cucumberOptions.TestNG_TestRunner" name="runScenario" time="14.637"/>
  <testcase classname="cucumberOptions.TestNG_TestRunner" name="runScenario" time="7.168"/>
  <testcase classname="cucumberOptions.TestNG_TestRunner" name="runScenario" time="7.219"/>
</testsuite> <!-- cucumberOptions.TestNG_TestRunner -->
